#-----------------------------------------------------------
# Vivado v2018.2 (64-bit)
# SW Build 2258646 on Thu Jun 14 20:03:12 MDT 2018
# IP Build 2256618 on Thu Jun 14 22:10:49 MDT 2018
# Start of session at: Sat Apr 13 21:30:15 2019
# Process ID: 8244
# Current directory: D:/GitHub/MIPS
# Command line: vivado.exe -gui_launcher_event rodinguilauncherevent14116 D:\GitHub\MIPS\MIPS.xpr
# Log file: D:/GitHub/MIPS/vivado.log
# Journal file: D:/GitHub/MIPS\vivado.jou
#-----------------------------------------------------------
start_gui
open_project D:/GitHub/MIPS/MIPS.xpr
INFO: [Project 1-313] Project file moved from 'C:/Users/zhusa/MIPS' since last save.
Scanning sources...
Finished scanning sources
WARNING: [Project 1-231] Project 'MIPS.xpr' was created with a future version and may or may not perform reliably with this version of Vivado. It has been opened in read-only mode for the protection of unrecognized data. Use 'File | Save Project As...' if you wish to alter a copy of the project.
INFO: [IP_Flow 19-234] Refreshing IP repositories
INFO: [IP_Flow 19-1704] No user IP repositories specified
INFO: [IP_Flow 19-2313] Loaded Vivado IP repository 'D:/Xilinx/Vivado/2018.2/data/ip'.
update_compile_order -fileset sources_1
exit
INFO: [Common 17-206] Exiting Vivado at Sat Apr 13 21:31:35 2019...
